<?xml version="1.0" encoding="UTF-8"?>
<TestRun id="5ac7a3b4-4fb9-4c2d-a716-466f2635945b" name="TEAMIE@TEAMIE-PC 2012-05-05 15:38:56" runUser="TEAMIE-PC\TEAMIE" xmlns="http://microsoft.com/schemas/VisualStudio/TeamTest/2010">
  <TestSettings name="Default Test Settings" id="3bff58c5-c22a-4162-ac0c-3bf26c11559e">
    <Deployment runDeploymentRoot="TEAMIE_TEAMIE-PC 2012-05-05 15_38_56">
      <DeploymentItem filename="C:\subu\Mtech\Dot.Net\movie-ticket-booking-system\trunk\Booking\bin\MovieBooking.MVC.UI.dll" />
    </Deployment>
    <Execution>
      <TestTypeSpecific />
      <AgentRule name="Execution Agents">
      </AgentRule>
    </Execution>
  </TestSettings>
  <Times creation="2012-05-05T15:38:56.0695226+08:00" queuing="2012-05-05T15:39:01.6148397+08:00" start="2012-05-05T15:39:02.0888668+08:00" finish="2012-05-05T15:39:03.4999476+08:00" />
  <ResultSummary outcome="Completed">
    <Counters total="2" executed="2" passed="2" error="0" failed="0" timeout="0" aborted="0" inconclusive="0" passedButRunAborted="0" notRunnable="0" notExecuted="0" disconnected="0" warning="0" completed="0" inProgress="0" pending="0" />
  </ResultSummary>
  <TestDefinitions>
    <UnitTest name="About" storage="c:\subu\mtech\dot.net\movie-ticket-booking-system\trunk\booking.tests\bin\debug\moviebooking.tests.dll" id="539a55d7-d88c-f3c7-be1a-3eac0a3a729d">
      <Execution id="729c7ec5-a47f-458e-ad74-cc88b66e3de9" />
      <TestMethod codeBase="C:/subu/Mtech/Dot.Net/movie-ticket-booking-system/trunk/Booking.Tests/bin/Debug/MovieBooking.Tests.DLL" adapterTypeName="Microsoft.VisualStudio.TestTools.TestTypes.Unit.UnitTestAdapter, Microsoft.VisualStudio.QualityTools.Tips.UnitTest.Adapter, Version=10.0.0.0, Culture=neutral, PublicKeyToken=b03f5f7f11d50a3a" className="MovieBooking.Tests.Controllers.HomeControllerTest, MovieBooking.Tests, Version=1.0.0.0, Culture=neutral, PublicKeyToken=null" name="About" />
    </UnitTest>
    <UnitTest name="Index" storage="c:\subu\mtech\dot.net\movie-ticket-booking-system\trunk\booking.tests\bin\debug\moviebooking.tests.dll" id="7c69bd98-4dd6-a3cb-846e-559f5c755288">
      <Execution id="90772a8c-8186-43bd-9aa9-b80bbb1fb9a3" />
      <TestMethod codeBase="C:/subu/Mtech/Dot.Net/movie-ticket-booking-system/trunk/Booking.Tests/bin/Debug/MovieBooking.Tests.DLL" adapterTypeName="Microsoft.VisualStudio.TestTools.TestTypes.Unit.UnitTestAdapter, Microsoft.VisualStudio.QualityTools.Tips.UnitTest.Adapter, Version=10.0.0.0, Culture=neutral, PublicKeyToken=b03f5f7f11d50a3a" className="MovieBooking.Tests.Controllers.HomeControllerTest, MovieBooking.Tests, Version=1.0.0.0, Culture=neutral, PublicKeyToken=null" name="Index" />
    </UnitTest>
  </TestDefinitions>
  <TestLists>
    <TestList name="Results Not in a List" id="8c84fa94-04c1-424b-9868-57a2d4851a1d" />
    <TestList name="All Loaded Results" id="19431567-8539-422a-85d7-44ee4e166bda" />
  </TestLists>
  <TestEntries>
    <TestEntry testId="7c69bd98-4dd6-a3cb-846e-559f5c755288" executionId="90772a8c-8186-43bd-9aa9-b80bbb1fb9a3" testListId="8c84fa94-04c1-424b-9868-57a2d4851a1d" />
    <TestEntry testId="539a55d7-d88c-f3c7-be1a-3eac0a3a729d" executionId="729c7ec5-a47f-458e-ad74-cc88b66e3de9" testListId="8c84fa94-04c1-424b-9868-57a2d4851a1d" />
  </TestEntries>
  <Results>
    <UnitTestResult executionId="90772a8c-8186-43bd-9aa9-b80bbb1fb9a3" testId="7c69bd98-4dd6-a3cb-846e-559f5c755288" testName="Index" computerName="TEAMIE-PC" duration="00:00:00.2680257" startTime="2012-05-05T15:39:02.1838723+08:00" endTime="2012-05-05T15:39:03.2899355+08:00" testType="13cdc9d9-ddb5-4fa4-a97d-d965ccfc6d4b" outcome="Passed" testListId="8c84fa94-04c1-424b-9868-57a2d4851a1d" relativeResultsDirectory="90772a8c-8186-43bd-9aa9-b80bbb1fb9a3">
    </UnitTestResult>
    <UnitTestResult executionId="729c7ec5-a47f-458e-ad74-cc88b66e3de9" testId="539a55d7-d88c-f3c7-be1a-3eac0a3a729d" testName="About" computerName="TEAMIE-PC" duration="00:00:00.0003185" startTime="2012-05-05T15:39:03.3109367+08:00" endTime="2012-05-05T15:39:03.3229374+08:00" testType="13cdc9d9-ddb5-4fa4-a97d-d965ccfc6d4b" outcome="Passed" testListId="8c84fa94-04c1-424b-9868-57a2d4851a1d" relativeResultsDirectory="729c7ec5-a47f-458e-ad74-cc88b66e3de9">
    </UnitTestResult>
  </Results>
</TestRun>