<?xml version="1.0" encoding="UTF-8"?>
<TestRun id="0f1309ba-e7e7-4038-95ba-4b9cbc182e2b" name="TEAMIE@TEAMIE-PC 2012-05-05 15:39:18" runUser="TEAMIE-PC\TEAMIE" xmlns="http://microsoft.com/schemas/VisualStudio/TeamTest/2010">
  <TestSettings name="Default Test Settings" id="eb30cd48-2f20-438a-b2dd-2094510ef4e3">
    <Deployment runDeploymentRoot="TEAMIE_TEAMIE-PC 2012-05-05 15_39_18">
      <DeploymentItem filename="C:\subu\Mtech\Dot.Net\movie-ticket-booking-system\trunk\Booking\bin\MovieBooking.MVC.UI.dll" />
    </Deployment>
    <Execution>
      <TestTypeSpecific />
      <AgentRule name="Execution Agents">
      </AgentRule>
    </Execution>
  </TestSettings>
  <Times creation="2012-05-05T15:39:18.4848046+08:00" queuing="2012-05-05T15:39:19.7458768+08:00" start="2012-05-05T15:39:19.8358819+08:00" finish="2012-05-05T15:39:21.2219612+08:00" />
  <ResultSummary outcome="Completed">
    <Counters total="2" executed="2" passed="2" error="0" failed="0" timeout="0" aborted="0" inconclusive="0" passedButRunAborted="0" notRunnable="0" notExecuted="0" disconnected="0" warning="0" completed="0" inProgress="0" pending="0" />
  </ResultSummary>
  <TestDefinitions>
    <UnitTest name="About" storage="c:\subu\mtech\dot.net\movie-ticket-booking-system\trunk\booking.tests\bin\debug\moviebooking.tests.dll" id="539a55d7-d88c-f3c7-be1a-3eac0a3a729d">
      <Execution id="8ff2174d-2bd7-47b2-ae39-939c27d878c9" />
      <TestMethod codeBase="C:/subu/Mtech/Dot.Net/movie-ticket-booking-system/trunk/Booking.Tests/bin/Debug/MovieBooking.Tests.DLL" adapterTypeName="Microsoft.VisualStudio.TestTools.TestTypes.Unit.UnitTestAdapter, Microsoft.VisualStudio.QualityTools.Tips.UnitTest.Adapter, Version=10.0.0.0, Culture=neutral, PublicKeyToken=b03f5f7f11d50a3a" className="MovieBooking.Tests.Controllers.HomeControllerTest, MovieBooking.Tests, Version=1.0.0.0, Culture=neutral, PublicKeyToken=null" name="About" />
    </UnitTest>
    <UnitTest name="Index" storage="c:\subu\mtech\dot.net\movie-ticket-booking-system\trunk\booking.tests\bin\debug\moviebooking.tests.dll" id="7c69bd98-4dd6-a3cb-846e-559f5c755288">
      <Execution id="b8661682-113f-4c08-858b-fd22775d372b" />
      <TestMethod codeBase="C:/subu/Mtech/Dot.Net/movie-ticket-booking-system/trunk/Booking.Tests/bin/Debug/MovieBooking.Tests.DLL" adapterTypeName="Microsoft.VisualStudio.TestTools.TestTypes.Unit.UnitTestAdapter, Microsoft.VisualStudio.QualityTools.Tips.UnitTest.Adapter, Version=10.0.0.0, Culture=neutral, PublicKeyToken=b03f5f7f11d50a3a" className="MovieBooking.Tests.Controllers.HomeControllerTest, MovieBooking.Tests, Version=1.0.0.0, Culture=neutral, PublicKeyToken=null" name="Index" />
    </UnitTest>
  </TestDefinitions>
  <TestLists>
    <TestList name="Results Not in a List" id="8c84fa94-04c1-424b-9868-57a2d4851a1d" />
    <TestList name="All Loaded Results" id="19431567-8539-422a-85d7-44ee4e166bda" />
  </TestLists>
  <TestEntries>
    <TestEntry testId="7c69bd98-4dd6-a3cb-846e-559f5c755288" executionId="b8661682-113f-4c08-858b-fd22775d372b" testListId="8c84fa94-04c1-424b-9868-57a2d4851a1d" />
    <TestEntry testId="539a55d7-d88c-f3c7-be1a-3eac0a3a729d" executionId="8ff2174d-2bd7-47b2-ae39-939c27d878c9" testListId="8c84fa94-04c1-424b-9868-57a2d4851a1d" />
  </TestEntries>
  <Results>
    <UnitTestResult executionId="b8661682-113f-4c08-858b-fd22775d372b" testId="7c69bd98-4dd6-a3cb-846e-559f5c755288" testName="Index" computerName="TEAMIE-PC" duration="00:00:00.1877003" startTime="2012-05-05T15:39:19.9018857+08:00" endTime="2012-05-05T15:39:21.1219555+08:00" testType="13cdc9d9-ddb5-4fa4-a97d-d965ccfc6d4b" outcome="Passed" testListId="8c84fa94-04c1-424b-9868-57a2d4851a1d" relativeResultsDirectory="b8661682-113f-4c08-858b-fd22775d372b">
    </UnitTestResult>
    <UnitTestResult executionId="8ff2174d-2bd7-47b2-ae39-939c27d878c9" testId="539a55d7-d88c-f3c7-be1a-3eac0a3a729d" testName="About" computerName="TEAMIE-PC" duration="00:00:00.0003190" startTime="2012-05-05T15:39:21.1289559+08:00" endTime="2012-05-05T15:39:21.1379564+08:00" testType="13cdc9d9-ddb5-4fa4-a97d-d965ccfc6d4b" outcome="Passed" testListId="8c84fa94-04c1-424b-9868-57a2d4851a1d" relativeResultsDirectory="8ff2174d-2bd7-47b2-ae39-939c27d878c9">
    </UnitTestResult>
  </Results>
</TestRun>